\BOOKMARK [1][-]{section.1}{Diagrama de P\363los e Zeros}{}% 1
\BOOKMARK [2][-]{subsection.1.1}{Quest\343o 1}{section.1}% 2
\BOOKMARK [3][-]{subsubsection.1.1.1}{Item a}{subsection.1.1}% 3
\BOOKMARK [3][-]{subsubsection.1.1.2}{Item b}{subsection.1.1}% 4
\BOOKMARK [3][-]{subsubsection.1.1.3}{Item c}{subsection.1.1}% 5
\BOOKMARK [1][-]{section.2}{Propriedade da Transformada de Laplace}{}% 6
\BOOKMARK [2][-]{subsection.2.1}{Quest\343o 2}{section.2}% 7
\BOOKMARK [3][-]{subsubsection.2.1.1}{Item a}{subsection.2.1}% 8
\BOOKMARK [3][-]{subsubsection.2.1.2}{Item b}{subsection.2.1}% 9
\BOOKMARK [3][-]{subsubsection.2.1.3}{Item c}{subsection.2.1}% 10
\BOOKMARK [2][-]{subsection.2.2}{Quest\343o 3}{section.2}% 11
\BOOKMARK [1][-]{section.3}{Resposta em Frequ\352ncia}{}% 12
\BOOKMARK [2][-]{subsection.3.1}{Quest\343o 4}{section.3}% 13
\BOOKMARK [3][-]{subsubsection.3.1.1}{Item a}{subsection.3.1}% 14
\BOOKMARK [3][-]{subsubsection.3.1.2}{Item b}{subsection.3.1}% 15
\BOOKMARK [3][-]{subsubsection.3.1.3}{Item c}{subsection.3.1}% 16
\BOOKMARK [2][-]{subsection.3.2}{Quest\343o 5}{section.3}% 17
\BOOKMARK [3][-]{subsubsection.3.2.1}{Item a}{subsection.3.2}% 18
\BOOKMARK [3][-]{subsubsection.3.2.2}{Item b}{subsection.3.2}% 19
\BOOKMARK [3][-]{subsubsection.3.2.3}{Item c}{subsection.3.2}% 20
\BOOKMARK [3][-]{subsubsection.3.2.4}{Item d}{subsection.3.2}% 21
\BOOKMARK [3][-]{subsubsection.3.2.5}{Item e}{subsection.3.2}% 22
\BOOKMARK [2][-]{subsection.3.3}{Quest\343o 6}{section.3}% 23
\BOOKMARK [3][-]{subsubsection.3.3.1}{Item a}{subsection.3.3}% 24
\BOOKMARK [3][-]{subsubsection.3.3.2}{Item b}{subsection.3.3}% 25
\BOOKMARK [3][-]{subsubsection.3.3.3}{Item c}{subsection.3.3}% 26
\BOOKMARK [1][-]{section.4}{Diagrama de Bode}{}% 27
\BOOKMARK [2][-]{subsection.4.1}{Quest\343o 7}{section.4}% 28
\BOOKMARK [3][-]{subsubsection.4.1.1}{Item a}{subsection.4.1}% 29
\BOOKMARK [3][-]{subsubsection.4.1.2}{Item b}{subsection.4.1}% 30
\BOOKMARK [3][-]{subsubsection.4.1.3}{Item c}{subsection.4.1}% 31
\BOOKMARK [3][-]{subsubsection.4.1.4}{Item d}{subsection.4.1}% 32
\BOOKMARK [2][-]{subsection.4.2}{Quest\343o 8}{section.4}% 33
\BOOKMARK [3][-]{subsubsection.4.2.1}{Item a}{subsection.4.2}% 34
\BOOKMARK [3][-]{subsubsection.4.2.2}{Item b}{subsection.4.2}% 35
\BOOKMARK [3][-]{subsubsection.4.2.3}{Item c}{subsection.4.2}% 36
\BOOKMARK [3][-]{subsubsection.4.2.4}{Item d}{subsection.4.2}% 37
